<?xml version="1.0" encoding="UTF-8"?>
<!-- Generated by org.testng.reporters.JUnitReportReporter -->
<testsuite hostname="tzq-PC" name="com.tr.testng.WebTour" tests="1" failures="0" timestamp="8 May 2018 08:55:49 GMT" time="26.885" errors="0">
  <testcase name="testServices" time="26.885" classname="com.tr.testng.WebTour"/>
</testsuite> <!-- com.tr.testng.WebTour -->
